<?xml version="1.0" encoding="UTF-8"?>
<testsuite name="javastart.stream.ShopTestSuite" tests="1" skipped="0" failures="0" errors="0" timestamp="2020-07-15T20:43:24" hostname="F1iper-F1iper" time="0.001">
  <properties/>
  <testcase name="testRemoveBoardGame" classname="javastart.stream.ShopTestSuite" time="0.001"/>
  <system-out><![CDATA[]]></system-out>
  <system-err><![CDATA[]]></system-err>
</testsuite>
