<?xml version="1.0" encoding="UTF-8"?>
<testsuite name="kodilla.testing.stream.portfolio.BoardTestSuite" tests="1" skipped="0" failures="0" errors="0" timestamp="2020-04-11T17:17:43" hostname="LAPTOP-JD6MKD7N" time="0.043">
  <properties/>
  <testcase name="testAddTaskListAverageWorkingOnTask" classname="kodilla.testing.stream.portfolio.BoardTestSuite" time="0.043"/>
  <system-out><![CDATA[]]></system-out>
  <system-err><![CDATA[]]></system-err>
</testsuite>
