<?xml version="1.0" encoding="UTF-8"?>
<testsuite name="kodilla.testing.stream.earth.WorldTestSuite" tests="1" skipped="0" failures="0" errors="0" timestamp="2020-04-09T14:16:18" hostname="LAPTOP-JD6MKD7N" time="0.004">
  <properties/>
  <testcase name="getAnimalsAmount" classname="kodilla.testing.stream.earth.WorldTestSuite" time="0.004"/>
  <system-out><![CDATA[]]></system-out>
  <system-err><![CDATA[]]></system-err>
</testsuite>
